<?xml version="1.0" encoding="UTF-8"?>
<testsuite name="ProblemTest" tests="1" skipped="0" failures="0" errors="0" timestamp="2021-09-08T03:08:46" hostname="jonas" time="0.02">
  <properties/>
  <testcase name="testFirstTenDigitsOfTheSum()" classname="ProblemTest" time="0.02"/>
  <system-out><![CDATA[]]></system-out>
  <system-err><![CDATA[]]></system-err>
</testsuite>
